Copyright 1986-2021 Xilinx, Inc. All Rights Reserved.
------------------------------------------------------------------------------------------
| Tool Version : Vivado v.2021.2 (lin64) Build 3367213 Tue Oct 19 02:47:39 MDT 2021
| Date         : Tue Oct 15 03:17:49 2024
| Host         : hacc-gpu0 running 64-bit Ubuntu 20.04.6 LTS
| Command      : report_utilization -slr -file slr_util_placed.rpt -pb slr_util_placed.pb
| Design       : pfm_top_wrapper
| Device       : xcu280-fsvh2892-2L-e
| Speed File   : -2L
| Design State : Fully Placed
------------------------------------------------------------------------------------------

Utilization Design Information

Table of Contents
-----------------
1. SLR Connectivity
2. SLR Connectivity Matrix
3. SLR CLB Logic and Dedicated Block Utilization
4. SLR IO Utilization

1. SLR Connectivity
-------------------

+----------------------------------+------+-------+-----------+-------+
|                                  | Used | Fixed | Available | Util% |
+----------------------------------+------+-------+-----------+-------+
| SLR2 <-> SLR1                    | 4552 |       |     23040 | 19.76 |
|   SLR1 -> SLR2                   | 2373 |       |           | 10.30 |
|     Using TX_REG only            |    1 |     1 |           |       |
|     Using RX_REG only            |   18 |    18 |           |       |
|     Using Both TX_REG and RX_REG |  529 |     1 |           |       |
|   SLR2 -> SLR1                   | 2179 |       |           |  9.46 |
|     Using TX_REG only            |    0 |     0 |           |       |
|     Using RX_REG only            |    4 |     4 |           |       |
|     Using Both TX_REG and RX_REG |  681 |     0 |           |       |
| SLR1 <-> SLR0                    | 3149 |       |     23040 | 13.67 |
|   SLR0 -> SLR1                   | 1445 |       |           |  6.27 |
|     Using TX_REG only            |   71 |    71 |           |       |
|     Using RX_REG only            |   61 |    61 |           |       |
|     Using Both TX_REG and RX_REG |  583 |    55 |           |       |
|   SLR1 -> SLR0                   | 1704 |       |           |  7.40 |
|     Using TX_REG only            |   62 |    62 |           |       |
|     Using RX_REG only            |   72 |    71 |           |       |
|     Using Both TX_REG and RX_REG |  741 |    60 |           |       |
+----------------------------------+------+-------+-----------+-------+
| Total SLLs Used                  | 7701 |       |           |       |
+----------------------------------+------+-------+-----------+-------+


2. SLR Connectivity Matrix
--------------------------

+-----------+------+------+------+
| FROM \ TO | SLR2 | SLR1 | SLR0 |
+-----------+------+------+------+
| SLR2      |    0 | 2022 |  157 |
| SLR1      | 2261 |    0 | 1547 |
| SLR0      |  112 | 1333 |    0 |
+-----------+------+------+------+


3. SLR CLB Logic and Dedicated Block Utilization
------------------------------------------------

+----------------------------+--------+-------+-------+--------+--------+--------+
|          Site Type         |  SLR0  |  SLR1 |  SLR2 | SLR0 % | SLR1 % | SLR2 % |
+----------------------------+--------+-------+-------+--------+--------+--------+
| CLB                        |  44546 |  6900 |  7781 |  81.05 |  12.78 |  14.41 |
|   CLBL                     |  23206 |  3489 |  4030 |  79.26 |  11.92 |  13.76 |
|   CLBM                     |  21340 |  3411 |  3751 |  83.10 |  13.80 |  15.17 |
| CLB LUTs                   | 186405 | 47714 | 33737 |  42.40 |  11.04 |   7.81 |
|   LUT as Logic             | 151740 | 43742 | 30954 |  34.51 |  10.13 |   7.17 |
|     using O5 output only   |   3003 |   290 |   929 |   0.68 |   0.07 |   0.22 |
|     using O6 output only   | 111452 | 34295 | 18873 |  25.35 |   7.94 |   4.37 |
|     using O5 and O6        |  37285 |  9157 | 11152 |   8.48 |   2.12 |   2.58 |
|   LUT as Memory            |  34665 |  3972 |  2783 |  16.87 |   2.01 |   1.41 |
|     LUT as Distributed RAM |  20056 |  3837 |   936 |   9.76 |   1.94 |   0.47 |
|       using O5 output only |      0 |     0 |     0 |   0.00 |   0.00 |   0.00 |
|       using O6 output only |     84 |   215 |    80 |   0.04 |   0.11 |   0.04 |
|       using O5 and O6      |  19972 |  3622 |   856 |   9.72 |   1.83 |   0.43 |
|     LUT as Shift Register  |  14609 |   135 |  1847 |   7.11 |   0.07 |   0.93 |
|       using O5 output only |      0 |     0 |     0 |   0.00 |   0.00 |   0.00 |
|       using O6 output only |   8879 |   135 |  1717 |   4.32 |   0.07 |   0.87 |
|       using O5 and O6      |   5730 |     0 |   130 |   2.79 |   0.00 |   0.07 |
| CLB Registers              | 299546 | 48709 | 60149 |  34.06 |   5.64 |   6.96 |
| CARRY8                     |   2904 |   473 |   299 |   5.28 |   0.88 |   0.55 |
| F7 Muxes                   |   2722 |   651 |  1316 |   1.24 |   0.30 |   0.61 |
| F8 Muxes                   |     16 |   141 |    47 |   0.01 |   0.13 |   0.04 |
| F9 Muxes                   |      0 |     0 |     0 |   0.00 |   0.00 |   0.00 |
| Block RAM Tile             |  277.5 |  80.5 |    94 |  41.29 |  11.98 |  13.99 |
|   RAMB36/FIFO              |    268 |    80 |    92 |  39.88 |  11.90 |  13.69 |
|     RAMB36E2 only          |    268 |    80 |    92 |  39.88 |  11.90 |  13.69 |
|   RAMB18                   |     19 |     1 |     4 |   1.41 |   0.07 |   0.30 |
|     RAMB18E2 only          |     19 |     1 |     4 |   1.41 |   0.07 |   0.30 |
| URAM                       |      0 |     0 |     0 |   0.00 |   0.00 |   0.00 |
| DSPs                       |    304 |     0 |     4 |  10.56 |   0.00 |   0.13 |
| Unique Control Sets        |   7871 |  1507 |  2610 |   7.16 |   1.40 |   2.42 |
+----------------------------+--------+-------+-------+--------+--------+--------+
* Note: Available Control Sets based on CLB Registers / 8


4. SLR IO Utilization
---------------------

+-----------+-----------+---------+------------+----------+------------+----------+-----+
| SLR Index | Used IOBs | (%)IOBs | Used IPADs | (%)IPADs | Used OPADs | (%)OPADs | GTs |
+-----------+-----------+---------+------------+----------+------------+----------+-----+
| SLR2      |        18 |    8.65 |          0 |     0.00 |          0 |     0.00 |   0 |
| SLR1      |         0 |    0.00 |          0 |     0.00 |          0 |     0.00 |   0 |
| SLR0      |         1 |    0.48 |          0 |     0.00 |          0 |     0.00 |  16 |
+-----------+-----------+---------+------------+----------+------------+----------+-----+
| Total     |        19 |         |          0 |          |          0 |          |  16 |
+-----------+-----------+---------+------------+----------+------------+----------+-----+


