Copyright 1986-2021 Xilinx, Inc. All Rights Reserved.
--------------------------------------------------------------------------------------------------------------------------------------------------------------------------------------------------------------------------------------------------------------------------------------------------------------------------------------------------------------------------------------------------------------------------------------------------------------------------------------------------------------------------------------------------------------------------------------------------------------------------------------------------------------------------------------------------------------------------------
| Tool Version : Vivado v.2021.2 (lin64) Build 3367213 Tue Oct 19 02:47:39 MDT 2021
| Date         : Sun Oct 13 14:11:22 2024
| Host         : hacc-gpu0 running 64-bit Ubuntu 20.04.6 LTS
| Command      : report_accelerator_utilization -kernels { krnl_vaddmul:pfm_top_i/dynamic_region/krnl_vaddmul_1/inst:krnl_vaddmul_1 krnl_vaddmul:pfm_top_i/dynamic_region/krnl_vaddmul_2/inst:krnl_vaddmul_2 krnl_vaddmul:pfm_top_i/dynamic_region/krnl_vaddmul_3/inst:krnl_vaddmul_3 krnl_vaddmul:pfm_top_i/dynamic_region/krnl_vaddmul_4/inst:krnl_vaddmul_4 krnl_vaddmul:pfm_top_i/dynamic_region/krnl_vaddmul_5/inst:krnl_vaddmul_5 krnl_vaddmul:pfm_top_i/dynamic_region/krnl_vaddmul_6/inst:krnl_vaddmul_6 krnl_vaddmul:pfm_top_i/dynamic_region/krnl_vaddmul_7/inst:krnl_vaddmul_7 krnl_vaddmul:pfm_top_i/dynamic_region/krnl_vaddmul_8/inst:krnl_vaddmul_8} -file kernel_util_placed.rpt -name kernel_util_placed -json
| Design       : pfm_top_wrapper
| Device       : xcu280
| Design State : Fully Placed
--------------------------------------------------------------------------------------------------------------------------------------------------------------------------------------------------------------------------------------------------------------------------------------------------------------------------------------------------------------------------------------------------------------------------------------------------------------------------------------------------------------------------------------------------------------------------------------------------------------------------------------------------------------------------------------------------------------------------------

Accelerator Utilization Design Information

Table of Contents
-----------------
1. System Utilization

1. System Utilization
---------------------

+---------------------+-------------------+------------------+-------------------+----------------+---------------+----------------+
| Name                | LUT               | LUTAsMem         | REG               | BRAM           | URAM          | DSP            |
+---------------------+-------------------+------------------+-------------------+----------------+---------------+----------------+
| Platform            |  182218 [ 13.99%] |  46698 [  7.78%] |  297884 [ 11.42%] |  204 [ 10.12%] |   0 [  0.00%] |    4 [  0.04%] |
| User Budget         | 1120502 [100.00%] | 553782 [100.00%] | 2309476 [100.00%] | 1812 [100.00%] | 960 [100.00%] | 9020 [100.00%] |
|    Used Resources   |  276033 [ 24.63%] |  15904 [  2.87%] |  298288 [ 12.92%] |  488 [ 26.93%] |   0 [  0.00%] | 1024 [ 11.35%] |
|    Unused Resources |  844469 [ 75.37%] | 537878 [ 97.13%] | 2011188 [ 87.08%] | 1324 [ 73.07%] | 960 [100.00%] | 7996 [ 88.65%] |
| krnl_vaddmul        |  276033 [ 24.63%] |  15904 [  2.87%] |  298288 [ 12.92%] |  488 [ 26.93%] |   0 [  0.00%] | 1024 [ 11.35%] |
|    krnl_vaddmul_1   |   34453 [  3.07%] |   1988 [  0.36%] |   37271 [  1.61%] |   61 [  3.37%] |   0 [  0.00%] |  128 [  1.42%] |
|    krnl_vaddmul_2   |   34580 [  3.09%] |   1988 [  0.36%] |   37274 [  1.61%] |   61 [  3.37%] |   0 [  0.00%] |  128 [  1.42%] |
|    krnl_vaddmul_3   |   34441 [  3.07%] |   1988 [  0.36%] |   37301 [  1.62%] |   61 [  3.37%] |   0 [  0.00%] |  128 [  1.42%] |
|    krnl_vaddmul_4   |   34572 [  3.09%] |   1988 [  0.36%] |   37299 [  1.62%] |   61 [  3.37%] |   0 [  0.00%] |  128 [  1.42%] |
|    krnl_vaddmul_5   |   34635 [  3.09%] |   1988 [  0.36%] |   37293 [  1.61%] |   61 [  3.37%] |   0 [  0.00%] |  128 [  1.42%] |
|    krnl_vaddmul_6   |   34480 [  3.08%] |   1988 [  0.36%] |   37227 [  1.61%] |   61 [  3.37%] |   0 [  0.00%] |  128 [  1.42%] |
|    krnl_vaddmul_7   |   34481 [  3.08%] |   1988 [  0.36%] |   37351 [  1.62%] |   61 [  3.37%] |   0 [  0.00%] |  128 [  1.42%] |
|    krnl_vaddmul_8   |   34391 [  3.07%] |   1988 [  0.36%] |   37272 [  1.61%] |   61 [  3.37%] |   0 [  0.00%] |  128 [  1.42%] |
+---------------------+-------------------+------------------+-------------------+----------------+---------------+----------------+


