Copyright 1986-2021 Xilinx, Inc. All Rights Reserved.
------------------------------------------------------------------------------------------
| Tool Version : Vivado v.2021.2 (lin64) Build 3367213 Tue Oct 19 02:47:39 MDT 2021
| Date         : Sun Oct 13 14:12:10 2024
| Host         : hacc-gpu0 running 64-bit Ubuntu 20.04.6 LTS
| Command      : report_utilization -slr -file slr_util_placed.rpt -pb slr_util_placed.pb
| Design       : pfm_top_wrapper
| Device       : xcu280-fsvh2892-2L-e
| Speed File   : -2L
| Design State : Fully Placed
------------------------------------------------------------------------------------------

Utilization Design Information

Table of Contents
-----------------
1. SLR Connectivity
2. SLR Connectivity Matrix
3. SLR CLB Logic and Dedicated Block Utilization
4. SLR IO Utilization

1. SLR Connectivity
-------------------

+----------------------------------+-------+-------+-----------+-------+
|                                  |  Used | Fixed | Available | Util% |
+----------------------------------+-------+-------+-----------+-------+
| SLR2 <-> SLR1                    |  4531 |       |     23040 | 19.67 |
|   SLR1 -> SLR2                   |  2349 |       |           | 10.20 |
|     Using TX_REG only            |     1 |     1 |           |       |
|     Using RX_REG only            |    18 |    18 |           |       |
|     Using Both TX_REG and RX_REG |   529 |     1 |           |       |
|   SLR2 -> SLR1                   |  2182 |       |           |  9.47 |
|     Using TX_REG only            |     0 |     0 |           |       |
|     Using RX_REG only            |     4 |     4 |           |       |
|     Using Both TX_REG and RX_REG |   681 |     0 |           |       |
| SLR1 <-> SLR0                    | 12562 |       |     23040 | 54.52 |
|   SLR0 -> SLR1                   |  5737 |       |           | 24.90 |
|     Using TX_REG only            |    71 |    71 |           |       |
|     Using RX_REG only            |    61 |    61 |           |       |
|     Using Both TX_REG and RX_REG |   583 |    55 |           |       |
|   SLR1 -> SLR0                   |  6825 |       |           | 29.62 |
|     Using TX_REG only            |    62 |    62 |           |       |
|     Using RX_REG only            |    72 |    71 |           |       |
|     Using Both TX_REG and RX_REG |   741 |    60 |           |       |
+----------------------------------+-------+-------+-----------+-------+
| Total SLLs Used                  | 17093 |       |           |       |
+----------------------------------+-------+-------+-----------+-------+


2. SLR Connectivity Matrix
--------------------------

+-----------+------+------+------+
| FROM \ TO | SLR2 | SLR1 | SLR0 |
+-----------+------+------+------+
| SLR2      |    0 | 2047 |  135 |
| SLR1      | 2245 |    0 | 6690 |
| SLR0      |  104 | 5633 |    0 |
+-----------+------+------+------+


3. SLR CLB Logic and Dedicated Block Utilization
------------------------------------------------

+----------------------------+--------+--------+-------+--------+--------+--------+
|          Site Type         |  SLR0  |  SLR1  |  SLR2 | SLR0 % | SLR1 % | SLR2 % |
+----------------------------+--------+--------+-------+--------+--------+--------+
| CLB                        |  54346 |  25820 |  7737 |  98.88 |  47.81 |  14.33 |
|   CLBL                     |  28954 |  13713 |  3979 |  98.89 |  46.83 |  13.59 |
|   CLBM                     |  25392 |  12107 |  3758 |  98.88 |  48.98 |  15.20 |
| CLB LUTs                   | 306639 | 117590 | 33952 |  69.74 |  27.22 |   7.86 |
|   LUT as Logic             | 254801 | 109676 | 31102 |  57.95 |  25.39 |   7.20 |
|     using O5 output only   |   2892 |    494 |   935 |   0.66 |   0.11 |   0.22 |
|     using O6 output only   | 203290 |  90879 | 18983 |  46.24 |  21.04 |   4.39 |
|     using O5 and O6        |  48619 |  18303 | 11184 |  11.06 |   4.24 |   2.59 |
|   LUT as Memory            |  51838 |   7914 |  2850 |  25.23 |   4.00 |   1.44 |
|     LUT as Distributed RAM |  37086 |   3837 |   936 |  18.05 |   1.94 |   0.47 |
|       using O5 output only |      0 |      0 |     0 |   0.00 |   0.00 |   0.00 |
|       using O6 output only |     84 |    215 |    80 |   0.04 |   0.11 |   0.04 |
|       using O5 and O6      |  37002 |   3622 |   856 |  18.01 |   1.83 |   0.43 |
|     LUT as Shift Register  |  14752 |   4077 |  1914 |   7.18 |   2.06 |   0.97 |
|       using O5 output only |      0 |      0 |     0 |   0.00 |   0.00 |   0.00 |
|       using O6 output only |   6782 |   1709 |  1784 |   3.30 |   0.86 |   0.90 |
|       using O5 and O6      |   7970 |   2368 |   130 |   3.88 |   1.20 |   0.07 |
| CLB Registers              | 411479 | 124056 | 60637 |  46.79 |  14.36 |   7.02 |
| CARRY8                     |   3415 |   1370 |   299 |   6.21 |   2.54 |   0.55 |
| F7 Muxes                   |   2180 |   1137 |  1316 |   0.99 |   0.53 |   0.61 |
| F8 Muxes                   |     16 |    141 |    47 |   0.01 |   0.13 |   0.04 |
| F9 Muxes                   |      0 |      0 |     0 |   0.00 |   0.00 |   0.00 |
| Block RAM Tile             |  391.5 |  206.5 |    94 |  58.26 |  30.73 |  13.99 |
|   RAMB36/FIFO              |    384 |    204 |    92 |  57.14 |  30.36 |  13.69 |
|     RAMB36E2 only          |    384 |    204 |    92 |  57.14 |  30.36 |  13.69 |
|   RAMB18                   |     15 |      5 |     4 |   1.12 |   0.37 |   0.30 |
|     RAMB18E2 only          |     15 |      5 |     4 |   1.12 |   0.37 |   0.30 |
| URAM                       |      0 |      0 |     0 |   0.00 |   0.00 |   0.00 |
| DSPs                       |    768 |    256 |     4 |  26.67 |   8.33 |   0.13 |
| Unique Control Sets        |   8164 |   2622 |  2615 |   7.43 |   2.43 |   2.42 |
+----------------------------+--------+--------+-------+--------+--------+--------+
* Note: Available Control Sets based on CLB Registers / 8


4. SLR IO Utilization
---------------------

+-----------+-----------+---------+------------+----------+------------+----------+-----+
| SLR Index | Used IOBs | (%)IOBs | Used IPADs | (%)IPADs | Used OPADs | (%)OPADs | GTs |
+-----------+-----------+---------+------------+----------+------------+----------+-----+
| SLR2      |        18 |    8.65 |          0 |     0.00 |          0 |     0.00 |   0 |
| SLR1      |         0 |    0.00 |          0 |     0.00 |          0 |     0.00 |   0 |
| SLR0      |         1 |    0.48 |          0 |     0.00 |          0 |     0.00 |  16 |
+-----------+-----------+---------+------------+----------+------------+----------+-----+
| Total     |        19 |         |          0 |          |          0 |          |  16 |
+-----------+-----------+---------+------------+----------+------------+----------+-----+


