Copyright 1986-2021 Xilinx, Inc. All Rights Reserved.
----------------------------------------------------------------------------------------------------------------------------------------------------------------------------------------------------------------------------------------------------------------------------------------------------------------------------------------------------------------------------------------------------------------------------------------------------------------------------------------------------------------------------------------------------------------------------------------------------------------------------------------------------------------------------------------------------------------------------------
| Tool Version : Vivado v.2021.2 (lin64) Build 3367213 Tue Oct 19 02:47:39 MDT 2021
| Date         : Sun Oct 13 12:04:05 2024
| Host         : hacc-gpu0 running 64-bit Ubuntu 20.04.6 LTS
| Command      : report_accelerator_utilization -kernels { krnl_vaddmul:pfm_top_i/dynamic_region/krnl_vaddmul_1/inst:krnl_vaddmul_1 krnl_vaddmul:pfm_top_i/dynamic_region/krnl_vaddmul_2/inst:krnl_vaddmul_2 krnl_vaddmul:pfm_top_i/dynamic_region/krnl_vaddmul_3/inst:krnl_vaddmul_3 krnl_vaddmul:pfm_top_i/dynamic_region/krnl_vaddmul_4/inst:krnl_vaddmul_4 krnl_vaddmul:pfm_top_i/dynamic_region/krnl_vaddmul_5/inst:krnl_vaddmul_5 krnl_vaddmul:pfm_top_i/dynamic_region/krnl_vaddmul_6/inst:krnl_vaddmul_6 krnl_vaddmul:pfm_top_i/dynamic_region/krnl_vaddmul_7/inst:krnl_vaddmul_7 krnl_vaddmul:pfm_top_i/dynamic_region/krnl_vaddmul_8/inst:krnl_vaddmul_8} -file kernel_util_synthed.rpt -name kernel_util_synthed -json
| Design       : pfm_top_wrapper
| Device       : xcu280
| Design State : Synthesized
----------------------------------------------------------------------------------------------------------------------------------------------------------------------------------------------------------------------------------------------------------------------------------------------------------------------------------------------------------------------------------------------------------------------------------------------------------------------------------------------------------------------------------------------------------------------------------------------------------------------------------------------------------------------------------------------------------------------------------

Accelerator Utilization Design Information

Table of Contents
-----------------
1. System Utilization

1. System Utilization
---------------------

+---------------------+-------------------+------------------+-------------------+----------------+---------------+----------------+
| Name                | LUT               | LUTAsMem         | REG               | BRAM           | URAM          | DSP            |
+---------------------+-------------------+------------------+-------------------+----------------+---------------+----------------+
| Platform            |  221812 [ 17.03%] |  60331 [ 10.05%] |  359829 [ 13.80%] |  204 [ 10.12%] |   0 [  0.00%] |    4 [  0.04%] |
| User Budget         | 1080908 [100.00%] | 540149 [100.00%] | 2247531 [100.00%] | 1812 [100.00%] | 960 [100.00%] | 9020 [100.00%] |
|    Used Resources   |  300200 [ 27.77%] |  37896 [  7.02%] |  309464 [ 13.77%] |  488 [ 26.93%] |   0 [  0.00%] | 1024 [ 11.35%] |
|    Unused Resources |  780708 [ 72.23%] | 502253 [ 92.98%] | 1938067 [ 86.23%] | 1324 [ 73.07%] | 960 [100.00%] | 7996 [ 88.65%] |
| krnl_vaddmul        |  300200 [ 27.77%] |  37896 [  7.02%] |  309464 [ 13.77%] |  488 [ 26.93%] |   0 [  0.00%] | 1024 [ 11.35%] |
|    krnl_vaddmul_1   |   37525 [  3.47%] |   4737 [  0.88%] |   38683 [  1.72%] |   61 [  3.37%] |   0 [  0.00%] |  128 [  1.42%] |
|    krnl_vaddmul_2   |   37525 [  3.47%] |   4737 [  0.88%] |   38683 [  1.72%] |   61 [  3.37%] |   0 [  0.00%] |  128 [  1.42%] |
|    krnl_vaddmul_3   |   37525 [  3.47%] |   4737 [  0.88%] |   38683 [  1.72%] |   61 [  3.37%] |   0 [  0.00%] |  128 [  1.42%] |
|    krnl_vaddmul_4   |   37525 [  3.47%] |   4737 [  0.88%] |   38683 [  1.72%] |   61 [  3.37%] |   0 [  0.00%] |  128 [  1.42%] |
|    krnl_vaddmul_5   |   37525 [  3.47%] |   4737 [  0.88%] |   38683 [  1.72%] |   61 [  3.37%] |   0 [  0.00%] |  128 [  1.42%] |
|    krnl_vaddmul_6   |   37525 [  3.47%] |   4737 [  0.88%] |   38683 [  1.72%] |   61 [  3.37%] |   0 [  0.00%] |  128 [  1.42%] |
|    krnl_vaddmul_7   |   37525 [  3.47%] |   4737 [  0.88%] |   38683 [  1.72%] |   61 [  3.37%] |   0 [  0.00%] |  128 [  1.42%] |
|    krnl_vaddmul_8   |   37525 [  3.47%] |   4737 [  0.88%] |   38683 [  1.72%] |   61 [  3.37%] |   0 [  0.00%] |  128 [  1.42%] |
+---------------------+-------------------+------------------+-------------------+----------------+---------------+----------------+


