Copyright 1986-2021 Xilinx, Inc. All Rights Reserved.
----------------------------------------------------------------------------------------------------------------------------------------------------------------------------------------------------------------------------------------------------------------------------------------------------------------------------------------------------------------------------------------------------------------------------------------------------------------------------------------------------------------------------------------------------------------------------------------------------------------------------------------------------------------------------------------------------------------------------------
| Tool Version : Vivado v.2021.2 (lin64) Build 3367213 Tue Oct 19 02:47:39 MDT 2021
| Date         : Sun Oct 13 05:18:05 2024
| Host         : hacc-gpu0 running 64-bit Ubuntu 20.04.6 LTS
| Command      : report_accelerator_utilization -kernels { krnl_vaddmul:pfm_top_i/dynamic_region/krnl_vaddmul_1/inst:krnl_vaddmul_1 krnl_vaddmul:pfm_top_i/dynamic_region/krnl_vaddmul_2/inst:krnl_vaddmul_2 krnl_vaddmul:pfm_top_i/dynamic_region/krnl_vaddmul_3/inst:krnl_vaddmul_3 krnl_vaddmul:pfm_top_i/dynamic_region/krnl_vaddmul_4/inst:krnl_vaddmul_4 krnl_vaddmul:pfm_top_i/dynamic_region/krnl_vaddmul_5/inst:krnl_vaddmul_5 krnl_vaddmul:pfm_top_i/dynamic_region/krnl_vaddmul_6/inst:krnl_vaddmul_6 krnl_vaddmul:pfm_top_i/dynamic_region/krnl_vaddmul_7/inst:krnl_vaddmul_7 krnl_vaddmul:pfm_top_i/dynamic_region/krnl_vaddmul_8/inst:krnl_vaddmul_8} -file kernel_util_synthed.rpt -name kernel_util_synthed -json
| Design       : pfm_top_wrapper
| Device       : xcu280
| Design State : Synthesized
----------------------------------------------------------------------------------------------------------------------------------------------------------------------------------------------------------------------------------------------------------------------------------------------------------------------------------------------------------------------------------------------------------------------------------------------------------------------------------------------------------------------------------------------------------------------------------------------------------------------------------------------------------------------------------------------------------------------------------

Accelerator Utilization Design Information

Table of Contents
-----------------
1. System Utilization

1. System Utilization
---------------------

+---------------------+-------------------+------------------+-------------------+----------------+---------------+----------------+
| Name                | LUT               | LUTAsMem         | REG               | BRAM           | URAM          | DSP            |
+---------------------+-------------------+------------------+-------------------+----------------+---------------+----------------+
| Platform            |  221812 [ 17.03%] |  60331 [ 10.05%] |  359829 [ 13.80%] |  204 [ 10.12%] |   0 [  0.00%] |    4 [  0.04%] |
| User Budget         | 1080908 [100.00%] | 540149 [100.00%] | 2247531 [100.00%] | 1812 [100.00%] | 960 [100.00%] | 9020 [100.00%] |
|    Used Resources   |  419040 [ 38.77%] |  37640 [  6.97%] |  366128 [ 16.29%] |  488 [ 26.93%] |   0 [  0.00%] | 1568 [ 17.38%] |
|    Unused Resources |  661868 [ 61.23%] | 502509 [ 93.03%] | 1881403 [ 83.71%] | 1324 [ 73.07%] | 960 [100.00%] | 7452 [ 82.62%] |
| krnl_vaddmul        |  419040 [ 38.77%] |  37640 [  6.97%] |  366128 [ 16.29%] |  488 [ 26.93%] |   0 [  0.00%] | 1568 [ 17.38%] |
|    krnl_vaddmul_1   |   52380 [  4.85%] |   4705 [  0.87%] |   45766 [  2.04%] |   61 [  3.37%] |   0 [  0.00%] |  196 [  2.17%] |
|    krnl_vaddmul_2   |   52380 [  4.85%] |   4705 [  0.87%] |   45766 [  2.04%] |   61 [  3.37%] |   0 [  0.00%] |  196 [  2.17%] |
|    krnl_vaddmul_3   |   52380 [  4.85%] |   4705 [  0.87%] |   45766 [  2.04%] |   61 [  3.37%] |   0 [  0.00%] |  196 [  2.17%] |
|    krnl_vaddmul_4   |   52380 [  4.85%] |   4705 [  0.87%] |   45766 [  2.04%] |   61 [  3.37%] |   0 [  0.00%] |  196 [  2.17%] |
|    krnl_vaddmul_5   |   52380 [  4.85%] |   4705 [  0.87%] |   45766 [  2.04%] |   61 [  3.37%] |   0 [  0.00%] |  196 [  2.17%] |
|    krnl_vaddmul_6   |   52380 [  4.85%] |   4705 [  0.87%] |   45766 [  2.04%] |   61 [  3.37%] |   0 [  0.00%] |  196 [  2.17%] |
|    krnl_vaddmul_7   |   52380 [  4.85%] |   4705 [  0.87%] |   45766 [  2.04%] |   61 [  3.37%] |   0 [  0.00%] |  196 [  2.17%] |
|    krnl_vaddmul_8   |   52380 [  4.85%] |   4705 [  0.87%] |   45766 [  2.04%] |   61 [  3.37%] |   0 [  0.00%] |  196 [  2.17%] |
+---------------------+-------------------+------------------+-------------------+----------------+---------------+----------------+


